<?xml version="1.0" encoding="UTF-8"?>
<!-- Generated by org.testng.reporters.JUnitReportReporter -->
<testsuite hostname="Gursandeep_Virk" failures="0" tests="4" name="com.saucedemo.testpages.CheckoutPageTest" time="14.291" errors="0" timestamp="2024-03-25T15:59:15 EDT" skipped="0">
  <testcase classname="com.saucedemo.testpages.CheckoutPageTest" name="validateBackToProductsButtonIsWorking" time="3.711"/>
  <testcase classname="com.saucedemo.testpages.CheckoutPageTest" name="validateTotalPaymentOnPage" time="3.604"/>
  <testcase classname="com.saucedemo.testpages.CheckoutPageTest" name="validateFinishButton" time="3.633"/>
  <testcase classname="com.saucedemo.testpages.CheckoutPageTest" name="validateIfContinueButtonForCheckoutIsWorking" time="3.343"/>
</testsuite> <!-- com.saucedemo.testpages.CheckoutPageTest -->
