<?xml version="1.0" encoding="UTF-8"?>
<!-- Generated by org.testng.reporters.JUnitReportReporter -->
<testsuite hostname="Gursandeep_Virk" failures="0" tests="6" name="com.saucedemo.testpages.SauceDemoPageTest" time="25.606" errors="0" timestamp="2024-03-25T15:59:15 EDT" skipped="0">
  <testcase classname="com.saucedemo.testpages.SauceDemoPageTest" name="validateIfUserCanLogin" time="2.861"/>
  <testcase classname="com.saucedemo.testpages.SauceDemoPageTest" name="validateIfUserCanLogin" time="6.376"/>
  <testcase classname="com.saucedemo.testpages.SauceDemoPageTest" name="validateIfUserCanLogin" time="3.025"/>
  <testcase classname="com.saucedemo.testpages.SauceDemoPageTest" name="validateIfUserCanLogin" time="2.809"/>
  <testcase classname="com.saucedemo.testpages.SauceDemoPageTest" name="validateLockOutUserCanNotLogin" time="2.678"/>
  <testcase classname="com.saucedemo.testpages.SauceDemoPageTest" name="validateIfUserCanLogin" time="7.857"/>
</testsuite> <!-- com.saucedemo.testpages.SauceDemoPageTest -->
