<?xml version="1.0" encoding="UTF-8"?>
<!-- Generated by org.testng.reporters.JUnitReportReporter -->
<testsuite hostname="Gursandeep_Virk" failures="0" tests="2" name="com.saucedemo.testpages.CartPageTest" time="6.156" errors="0" timestamp="2024-03-25T15:59:15 EDT" skipped="0">
  <testcase classname="com.saucedemo.testpages.CartPageTest" name="validateCheckoutButtonOnCartPage" time="3.032"/>
  <testcase classname="com.saucedemo.testpages.CartPageTest" name="validateIfRedAndBoltTShirtAvailableInCart" time="3.124"/>
</testsuite> <!-- com.saucedemo.testpages.CartPageTest -->
